Added Net: Name=5v
Added Net: Name=BOOT0
Added Net: Name=BOOT1
Added Net: Name=GND
Added Net: Name=NetC7_2
Added Net: Name=NetD1_K
Added Net: Name=NetD2_K
Added Net: Name=NetP1_3
Added Net: Name=NetP1_4
Added Net: Name=NetR9_1
Added Net: Name=NetR11_2
Added Net: Name=NRST
Added Net: Name=OSCIN
Added Net: Name=OSCOUT
Added Net: Name=PA0
Added Net: Name=PA1
Added Net: Name=PA2
Added Net: Name=PA3
Added Net: Name=PA4
Added Net: Name=PA5
Added Net: Name=PA6
Added Net: Name=PA7
Added Net: Name=PA8
Added Net: Name=PA9
Added Net: Name=PA10
Added Net: Name=PA11
Added Net: Name=PA12
Added Net: Name=PA15
Added Net: Name=PB0
Added Net: Name=PB1
Added Net: Name=PB3
Added Net: Name=PB4
Added Net: Name=PB5
Added Net: Name=PB6
Added Net: Name=PB7
Added Net: Name=PB8
Added Net: Name=PB9
Added Net: Name=PB10
Added Net: Name=PB11
Added Net: Name=PB12
Added Net: Name=PB13
Added Net: Name=PB14
Added Net: Name=PB15
Added Net: Name=PC13
Added Net: Name=PC14
Added Net: Name=PC15
Added Net: Name=RESET
Added Net: Name=SWCLK
Added Net: Name=SWDCLK
Added Net: Name=SWDIO
Added Net: Name=SWIO
Added Net: Name=VBAT
Added Net: Name=VCC3V3
Added Class: Name=Sheet1
Added Room: Name=Sheet1
