Change Component Designator: Old Designator=C15 New Designator=C11
Change Component Designator: Old Designator=C16 New Designator=C12
Change Component Designator: Old Designator=C17 New Designator=C13
Change Component Designator: Old Designator=C18 New Designator=C14
Change Component Designator: Old Designator=C19 New Designator=C24
Change Component Designator: Old Designator=C20 New Designator=C15
Change Component Designator: Old Designator=C21 New Designator=C16
Change Component Designator: Old Designator=C22 New Designator=C17
Change Component Designator: Old Designator=C23 New Designator=C18
Change Component Designator: Old Designator=C24 New Designator=C19
Change Component Designator: Old Designator=C25 New Designator=C20
Change Component Designator: Old Designator=C26 New Designator=C21
Change Component Designator: Old Designator=C27 New Designator=C22
Change Component Designator: Old Designator=C28 New Designator=C23
Change Component Designator: Old Designator=P6 New Designator=P4
Change Component Designator: Old Designator=P7 New Designator=P5
Change Component Designator: Old Designator=P? New Designator=P3
Change Component Designator: Old Designator=R17 New Designator=R25
Change Component Designator: Old Designator=R20 New Designator=R22
Change Component Designator: Old Designator=R21 New Designator=R23
Change Component Designator: Old Designator=R22 New Designator=R20
Change Component Designator: Old Designator=R23 New Designator=R21
Change Component Designator: Old Designator=R25 New Designator=R26
Change Component Designator: Old Designator=U6 New Designator=U5
Change Component Designator: Old Designator=U7 New Designator=U11
Change Component Designator: Old Designator=U? New Designator=U6
Change Component Designator: Old Designator=U? New Designator=U7
Change Component Designator: Old Designator=U? New Designator=U8
Change Component Designator: Old Designator=U? New Designator=U9
Change Component Designator: Old Designator=U? New Designator=U10
Change Component Designator: Old Designator=U? New Designator=U12
Change Component Designator: Old Designator=U? New Designator=U13
